2025-10-27 15:45:22,638 | INFO | honoua | GET /logs/recent called
2025-10-27 17:43:16,669 | INFO | honoua | GET /logs/recent called
2025-10-27 17:55:29,944 | INFO | honoua | GET /logs/recent called
2025-10-27 18:22:04,937 | INFO | honoua | GET /logs/recent called
2025-10-27 19:41:32,546 | INFO | honoua | GET /logs/recent called
2025-10-27 20:04:51,040 | INFO | honoua | GET /logs/recent called
2025-10-28 16:35:35,699 | INFO | honoua | GET /logs/recent called (limit=20)
2025-10-28 16:35:35,703 | ERROR | honoua | GET /logs/recent failed
Traceback (most recent call last):
  File "/app/app/routers/logs.py", line 21, in get_recent_logs
    events = await get_recent(db, limit=l)
                   ^^^^^^^^^^^^^^^^^^^^^^^
  File "/app/app/crud/audit_event.py", line 17, in get_recent
    return result.scalars().all()
           ^^^^^^^^^^^^^^
AttributeError: 'coroutine' object has no attribute 'scalars'
2025-10-28 16:44:44,987 | INFO | honoua | GET /logs/recent called (limit=20)
2025-10-28 16:44:45,082 | INFO | honoua | GET /logs/recent -> 200 (96.0 ms)
2025-10-28 16:53:58,704 | INFO | honoua | GET /logs/recent called (limit=20)
2025-10-28 16:53:58,724 | INFO | honoua | GET /logs/recent -> 200 (20.6 ms)
2025-10-28 17:00:50,348 | INFO | honoua | POST /compare -> 200 (2.6 ms)
2025-10-28 17:00:50,367 | INFO | honoua | POST /compare -> 200 (2.5 ms)
2025-10-28 17:00:50,652 | INFO | honoua | GET /health -> 200 (2.1 ms)
2025-10-28 17:00:50,684 | INFO | honoua | GET /products -> 200 (0.8 ms)
2025-10-28 17:00:50,699 | INFO | honoua | GET /products/3560071234567 -> 200 (0.9 ms)
2025-10-28 17:00:50,713 | INFO | honoua | GET /products/0000000000000 -> 404 (0.9 ms)
2025-10-28 17:00:50,729 | INFO | honoua | POST /products/search -> 200 (2.3 ms)
2025-10-28 17:00:50,744 | INFO | honoua | GET /products/9990000000000 -> 200 (1.8 ms)
2025-10-28 17:09:13,892 | INFO | honoua | POST /compare -> 200 (3.6 ms)
2025-10-28 17:09:13,911 | INFO | honoua | POST /compare -> 200 (2.6 ms)
2025-10-28 17:09:14,243 | INFO | honoua | GET /health -> 200 (2.4 ms)
2025-10-28 17:09:14,315 | INFO | honoua | GET /products -> 200 (1.3 ms)
2025-10-28 17:09:14,335 | INFO | honoua | GET /products/3560071234567 -> 200 (0.9 ms)
2025-10-28 17:09:14,353 | INFO | honoua | GET /products/0000000000000 -> 404 (1.1 ms)
2025-10-28 17:09:14,372 | INFO | honoua | POST /products/search -> 200 (5.2 ms)
2025-10-28 17:09:14,394 | INFO | honoua | GET /products/9990000000000 -> 200 (1.5 ms)
2025-10-28 17:27:28,474 | INFO | honoua | POST /compare -> 200 (2.3 ms)
2025-10-28 17:27:28,493 | INFO | honoua | POST /compare -> 200 (3.3 ms)
2025-10-28 17:27:28,928 | INFO | honoua | GET /health -> 200 (1.9 ms)
2025-10-28 17:27:28,977 | INFO | honoua | GET /products -> 200 (1.1 ms)
2025-10-28 17:27:28,993 | INFO | honoua | GET /products/3560071234567 -> 200 (1.0 ms)
2025-10-28 17:27:29,007 | INFO | honoua | GET /products/0000000000000 -> 404 (1.3 ms)
2025-10-28 17:27:29,026 | INFO | honoua | POST /products/search -> 200 (3.7 ms)
2025-10-28 17:27:29,044 | INFO | honoua | GET /products/9990000000000 -> 200 (0.7 ms)
2025-10-28 17:35:38,227 | INFO | honoua | POST /compare -> 200 (3.4 ms)
2025-10-28 17:35:38,244 | INFO | honoua | POST /compare -> 200 (2.6 ms)
2025-10-28 17:35:38,540 | INFO | honoua | GET /health -> 200 (4.7 ms)
2025-10-28 17:35:38,594 | INFO | honoua | GET /products -> 200 (0.9 ms)
2025-10-28 17:35:38,609 | INFO | honoua | GET /products/3560071234567 -> 200 (0.9 ms)
2025-10-28 17:35:38,624 | INFO | honoua | GET /products/0000000000000 -> 404 (1.2 ms)
2025-10-28 17:35:38,643 | INFO | honoua | POST /products/search -> 200 (3.4 ms)
2025-10-28 17:35:38,658 | INFO | honoua | GET /products/9990000000000 -> 200 (1.0 ms)
2025-10-28 17:44:08,457 | INFO | honoua | POST /compare -> 200 (2.5 ms)
2025-10-28 17:44:08,474 | INFO | honoua | POST /compare -> 200 (1.7 ms)
2025-10-28 17:44:08,794 | INFO | honoua | GET /health -> 200 (6.7 ms)
2025-10-28 17:44:09,013 | INFO | honoua | GET /products -> 200 (0.9 ms)
2025-10-28 17:44:09,150 | INFO | honoua | GET /products/3560071234567 -> 200 (0.7 ms)
2025-10-28 17:44:09,186 | INFO | honoua | GET /products/0000000000000 -> 404 (1.3 ms)
2025-10-28 17:44:09,214 | INFO | honoua | POST /products/search -> 200 (1.8 ms)
2025-10-28 17:44:09,329 | INFO | honoua | GET /products/9990000000000 -> 200 (96.8 ms)
2025-10-28 17:49:59,931 | INFO | honoua | POST /compare -> 200 (3.6 ms)
2025-10-28 17:49:59,947 | INFO | honoua | POST /compare -> 200 (1.4 ms)
2025-10-28 17:50:00,038 | INFO | honoua | GET /health -> 200 (2.4 ms)
2025-10-28 17:50:00,072 | INFO | honoua | GET /products -> 200 (0.8 ms)
2025-10-28 17:50:00,157 | INFO | honoua | GET /products/3560071234567 -> 200 (65.4 ms)
2025-10-28 17:50:00,171 | INFO | honoua | GET /products/0000000000000 -> 404 (0.7 ms)
2025-10-28 17:50:00,185 | INFO | honoua | POST /products/search -> 200 (1.6 ms)
2025-10-28 17:50:00,201 | INFO | honoua | GET /products/9990000000000 -> 200 (1.1 ms)
2025-10-28 17:58:17,607 | INFO | honoua | POST /compare -> 200 (2.3 ms)
2025-10-28 17:58:17,626 | INFO | honoua | POST /compare -> 200 (3.4 ms)
2025-10-28 17:58:17,775 | INFO | honoua | GET /health -> 200 (2.1 ms)
2025-10-28 17:58:18,577 | INFO | honoua | GET /products -> 200 (0.9 ms)
2025-10-28 17:58:18,596 | INFO | honoua | GET /products/3560071234567 -> 200 (1.0 ms)
2025-10-28 17:58:18,613 | INFO | honoua | GET /products/0000000000000 -> 404 (0.9 ms)
2025-10-28 17:58:18,637 | INFO | honoua | POST /products/search -> 200 (3.5 ms)
2025-10-28 17:58:18,663 | INFO | honoua | GET /products/9990000000000 -> 200 (1.1 ms)
2025-10-28 18:12:17,204 | INFO | honoua | POST /compare -> 200 (2.3 ms)
2025-10-28 18:12:17,222 | INFO | honoua | POST /compare -> 200 (3.2 ms)
2025-10-28 18:12:17,319 | INFO | honoua | GET /health -> 200 (2.2 ms)
2025-10-28 18:12:17,338 | INFO | honoua | GET /logs/recent called (limit=3)
2025-10-28 18:12:17,358 | INFO | honoua | GET /logs/recent -> 200 (21.0 ms)
2025-10-28 18:12:17,374 | INFO | honoua | GET /products -> 200 (0.7 ms)
2025-10-28 18:12:17,388 | INFO | honoua | GET /products/3560071234567 -> 200 (1.3 ms)
2025-10-28 18:12:17,403 | INFO | honoua | GET /products/0000000000000 -> 404 (1.5 ms)
2025-10-28 18:12:17,419 | INFO | honoua | POST /products/search -> 200 (2.1 ms)
2025-10-28 18:12:17,436 | INFO | honoua | GET /products/9990000000000 -> 200 (0.8 ms)
2025-10-28 20:00:30,792 | INFO | honoua | GET /health -> 200 (2.0 ms)
2025-10-28 20:04:39,390 | INFO | honoua | GET /health -> 200 (3.3 ms)
2025-10-28 20:29:33,641 | INFO | honoua | GET /emissions/summary_a40 -> 404 (1.1 ms)
2025-10-28 20:29:33,706 | INFO | honoua | GET /emissions/summary_a40 -> 404 (1.0 ms)
2025-10-28 20:56:27,089 | INFO | honoua | GET /emissions/summary_a40 -> 404 (1.1 ms)
2025-10-28 20:56:27,366 | INFO | honoua | GET /emissions/summary_a40 -> 404 (0.8 ms)
2025-10-29 09:19:47,424 | INFO | honoua | GET /emissions/summary_a40 -> 404 (1.1 ms)
2025-10-29 09:26:10,143 | INFO | honoua | GET /health -> 200 (2.8 ms)
2025-10-29 09:33:12,685 | INFO | honoua | GET /emissions/summary_a40 -> 200 (1.9 ms)
2025-10-29 09:33:12,883 | INFO | honoua | GET /emissions/summary_a40 -> 200 (0.9 ms)
2025-10-29 09:38:27,794 | INFO | honoua | GET /emissions/summary_a40 -> 200 (2.0 ms)
2025-10-29 09:38:27,850 | INFO | honoua | GET /emissions/summary_a40 -> 200 (1.3 ms)
2025-10-29 09:38:27,882 | INFO | honoua | GET /emissions/summary_a40 -> 422 (1.3 ms)
2025-10-29 09:44:45,687 | INFO | honoua | GET /emissions/summary_a40 -> 200 (1.5 ms)
2025-10-29 09:44:45,744 | INFO | honoua | GET /emissions/summary_a40 -> 200 (1.3 ms)
2025-10-29 09:44:45,798 | INFO | honoua | GET /emissions/summary_a40 -> 200 (0.9 ms)
2025-10-29 09:58:44,262 | INFO | honoua | GET /emissions/summary_a40 -> 200 (1.4 ms)
2025-10-29 09:58:44,319 | INFO | honoua | GET /emissions/summary_a40 -> 200 (1.2 ms)
2025-10-29 10:54:54,407 | INFO | honoua | GET /emissions/summary_a40 -> 200 (27.4 ms)
2025-10-29 10:54:54,417 | INFO | honoua | GET /emissions/summary_a40 -> 200 (4.1 ms)
2025-10-29 10:54:54,420 | INFO | honoua | GET /health -> 200 (18.7 ms)
2025-10-29 10:54:54,423 | INFO | honoua | GET /health -> 200 (17.0 ms)
2025-10-29 10:54:54,425 | INFO | honoua | GET /health -> 200 (15.4 ms)
2025-10-29 10:55:20,305 | INFO | honoua | GET /emissions/summary_a40 -> 200 (15.6 ms)
2025-10-29 10:55:20,349 | INFO | honoua | GET /emissions/summary_a40 -> 200 (1.6 ms)
2025-10-29 12:51:24,064 | INFO | honoua | GET /emissions/summary_a40 -> 200 (17.0 ms)
2025-10-29 12:51:24,383 | INFO | honoua | GET /emissions/summary_a40 -> 200 (1.2 ms)
2025-10-29 13:03:00,426 | INFO | honoua | GET /emissions/summary_a40 -> 200 (87.1 ms)
2025-10-29 13:32:44,931 | INFO | honoua | GET /emissions/summary_a40 -> 200 (3.2 ms)
2025-10-29 13:32:44,972 | INFO | honoua | GET /emissions/summary_a40 -> 200 (2.8 ms)
2025-10-29 13:32:45,013 | INFO | honoua | GET /emissions/summary_a40 -> 200 (1.0 ms)
2025-10-29 16:00:04,402 | INFO | honoua | GET /groups -> 200 (1.9 ms)
2025-10-29 16:00:04,441 | INFO | honoua | GET /emissions/summary_groups -> 200 (2.6 ms)
2025-10-29 16:00:04,475 | INFO | honoua | GET /emissions/summary_groups -> 200 (0.7 ms)
2025-10-29 19:36:32,257 | INFO | honoua | POST /groups -> 400 (27.6 ms)
2025-10-29 19:36:32,263 | INFO | honoua | POST /groups -> 400 (30.4 ms)
2025-10-29 19:36:32,326 | INFO | honoua | POST /groups -> 400 (90.9 ms)
2025-10-29 19:36:32,402 | INFO | honoua | GET /health -> 200 (159.7 ms)
2025-10-29 19:36:32,408 | INFO | honoua | GET /health -> 200 (162.8 ms)
2025-10-29 19:36:32,421 | INFO | honoua | POST /groups -> 400 (172.7 ms)
2025-10-29 19:36:32,469 | INFO | honoua | POST /groups -> 400 (200.7 ms)
2025-10-29 19:36:32,475 | INFO | honoua | POST /groups -> 400 (95.1 ms)
2025-10-29 19:36:32,502 | INFO | honoua | POST /groups -> 400 (89.8 ms)
2025-10-29 19:36:32,534 | INFO | honoua | GET /health -> 200 (114.3 ms)
2025-10-29 19:36:32,547 | INFO | honoua | POST /groups -> 400 (105.1 ms)
2025-10-29 19:36:32,555 | INFO | honoua | POST /groups -> 400 (93.7 ms)
2025-10-29 19:36:32,593 | INFO | honoua | POST /groups -> 400 (120.1 ms)
2025-10-29 19:36:32,624 | INFO | honoua | POST /groups -> 400 (124.7 ms)
2025-10-29 19:36:32,649 | INFO | honoua | GET /health -> 200 (107.0 ms)
2025-10-29 19:36:32,660 | INFO | honoua | POST /groups -> 400 (115.0 ms)
2025-10-29 19:36:32,690 | INFO | honoua | POST /groups -> 400 (108.8 ms)
2025-10-29 19:36:32,922 | INFO | honoua | GET /health -> 200 (267.0 ms)
2025-10-29 19:36:32,927 | INFO | honoua | POST /groups -> 400 (268.1 ms)
2025-10-29 19:37:01,528 | INFO | honoua | GET /health -> 200 (2.3 ms)
2025-10-29 19:37:14,643 | INFO | honoua | POST /groups -> 422 (2.5 ms)
2025-10-29 20:13:12,947 | INFO | honoua | GET /health -> 200 (2.7 ms)
2025-10-29 20:15:26,664 | INFO | honoua | POST /groups -> 201 (145.0 ms)
2025-10-29 20:54:52,299 | INFO | honoua | GET /groups -> 200 (95.3 ms)
2025-10-29 21:25:25,324 | INFO | honoua | POST /groups/1/sessions -> 204 (71.8 ms)
2025-10-29 21:25:48,919 | INFO | honoua | POST /groups/1/sessions -> 204 (13.4 ms)
2025-10-29 21:28:43,930 | INFO | honoua | POST /groups/1/sessions -> 204 (8.9 ms)
2025-10-29 21:28:50,783 | INFO | honoua | POST /groups/1/sessions -> 204 (7.6 ms)
2025-10-29 21:51:22,898 | INFO | honoua | DELETE /groups/1/sessions/sess-001 -> 204 (54.1 ms)
2025-10-29 21:51:36,916 | INFO | honoua | DELETE /groups/1/sessions/sess-001 -> 204 (5.5 ms)
2025-10-30 14:26:11,385 | INFO | honoua | GET /health -> 200 (5.0 ms)
2025-10-30 14:26:11,580 | INFO | honoua | POST /groups -> 201 (106.8 ms)
2025-10-30 14:26:11,595 | INFO | honoua | GET /groups -> 200 (4.8 ms)
2025-10-30 14:31:14,772 | INFO | honoua | POST /groups -> 201 (9.7 ms)
2025-10-30 14:31:30,879 | INFO | honoua | GET /groups -> 200 (4.9 ms)
2025-10-30 14:31:46,864 | INFO | honoua | POST /groups -> 422 (1.1 ms)
2025-10-30 14:31:46,933 | INFO | honoua | GET /groups -> 200 (4.2 ms)
2025-10-30 14:34:25,424 | INFO | honoua | GET /groups -> 200 (4.1 ms)
2025-10-30 14:34:32,023 | INFO | honoua | GET /groups -> 200 (3.9 ms)
2025-10-30 15:04:06,502 | INFO | honoua | POST /groups/1/sessions -> 204 (135.0 ms)
2025-10-30 15:08:29,029 | INFO | honoua | DELETE /groups/1/sessions/S-2025-01-01-A -> 204 (16.6 ms)
2025-10-30 15:08:51,695 | INFO | honoua | POST /groups/1/sessions -> 204 (7.3 ms)
2025-10-30 15:14:15,398 | INFO | honoua | GET /emissions/summary_groups -> 200 (91.8 ms)
2025-10-30 15:14:15,420 | INFO | honoua | GET /emissions/summary_groups -> 200 (8.3 ms)
2025-10-30 15:21:08,769 | INFO | honoua | GET /emissions/summary_groups -> 200 (5.5 ms)
2025-10-30 15:21:08,782 | INFO | honoua | GET /emissions/summary_groups -> 200 (4.6 ms)
2025-10-30 15:21:42,038 | INFO | honoua | GET /emissions/summary_groups -> 200 (5.7 ms)
2025-10-30 15:21:42,064 | INFO | honoua | GET /emissions/summary_groups -> 200 (5.8 ms)
2025-10-30 15:22:58,922 | INFO | honoua | GET /emissions/summary_groups -> 200 (4.3 ms)
2025-10-30 15:22:58,933 | INFO | honoua | GET /emissions/summary_groups -> 200 (4.3 ms)
2025-10-30 15:24:08,089 | INFO | honoua | GET /emissions/summary_groups -> 200 (9.2 ms)
2025-10-30 15:24:08,101 | INFO | honoua | GET /emissions/summary_groups -> 200 (3.8 ms)
2025-10-30 16:52:47,023 | INFO | honoua | GET /emissions/summary_groups -> 200 (78.0 ms)
2025-10-30 16:52:47,216 | INFO | honoua | GET /emissions/summary_groups -> 200 (7.1 ms)
2025-10-30 16:56:46,347 | INFO | honoua | GET /emissions/summary_groups -> 200 (8.2 ms)
2025-10-30 16:56:46,363 | INFO | honoua | GET /emissions/summary_groups -> 200 (6.2 ms)
2025-10-30 17:14:23,724 | INFO | honoua | GET /emissions/summary_groups -> 200 (7.8 ms)
2025-10-30 17:14:23,743 | INFO | honoua | GET /emissions/summary_groups -> 200 (5.9 ms)
2025-10-30 17:21:50,186 | INFO | honoua | GET /health -> 200 (4.7 ms)
2025-10-30 17:49:11,699 | INFO | honoua | GET /health -> 200 (1.2 ms)
2025-10-30 18:04:24,169 | INFO | honoua | GET /health -> 200 (1.3 ms)
2025-10-30 18:24:37,094 | INFO | honoua | GET /emissions/summary_groups -> 200 (761.8 ms)
2025-10-30 18:24:37,355 | INFO | honoua | GET /emissions/summary_groups -> 200 (6.4 ms)
2025-10-30 18:34:13,536 | INFO | honoua | GET /emissions/summary_groups -> 200 (4.5 ms)
2025-10-30 20:57:46,896 | INFO | honoua | GET /health -> 200 (67.8 ms)
2025-10-30 20:57:47,306 | INFO | honoua | GET /health -> 200 (242.8 ms)
2025-10-30 20:57:47,310 | INFO | honoua | GET /health -> 200 (235.2 ms)
2025-10-30 20:57:47,366 | INFO | honoua | GET /health -> 200 (272.4 ms)
2025-10-30 20:57:47,370 | INFO | honoua | GET /health -> 200 (263.5 ms)
2025-10-30 20:57:47,472 | INFO | honoua | GET /emissions/summary_groups -> 200 (706.7 ms)
2025-10-30 20:57:47,489 | INFO | honoua | GET /emissions/summary_groups -> 200 (658.7 ms)
2025-10-30 20:57:47,492 | INFO | honoua | GET /emissions/summary_groups -> 200 (413.6 ms)
2025-10-30 20:57:47,494 | INFO | honoua | GET /emissions/summary_groups -> 200 (222.4 ms)
2025-10-30 20:57:47,496 | INFO | honoua | GET /emissions/summary_groups -> 200 (611.7 ms)
2025-10-30 20:58:38,330 | INFO | honoua | GET /health -> 200 (1.9 ms)
2025-10-30 20:58:38,353 | INFO | honoua | GET /emissions/summary_groups -> 200 (9.0 ms)
2025-10-30 21:17:43,956 | INFO | honoua | GET /health -> 200 (1.4 ms)
2025-10-30 21:17:43,976 | INFO | honoua | GET /emissions/summary_groups -> 200 (6.3 ms)
2025-10-31 08:48:15,158 | INFO | honoua | GET /health -> 200 (3.0 ms)
2025-10-31 08:48:15,715 | INFO | honoua | GET /emissions/summary_groups -> 200 (209.4 ms)
2025-10-31 09:54:14,998 | INFO | honoua | GET /emissions/summary_groups -> 200 (65.7 ms)
2025-10-31 13:19:51,015 | INFO | honoua | GET /emissions/summary_groups -> 200 (121.7 ms)
2025-10-31 13:28:56,392 | INFO | honoua | GET /emissions/summary_groups -> 200 (6.1 ms)
2025-10-31 13:33:36,959 | INFO | honoua | GET /emissions/summary_groups -> 200 (3.5 ms)
2025-10-31 13:39:57,772 | INFO | honoua | GET /emissions/summary_groups -> 200 (10.1 ms)
2025-10-31 13:39:57,923 | INFO | honoua | GET /emissions/summary_groups -> 200 (6.4 ms)
2025-10-31 13:40:15,635 | INFO | honoua | GET /emissions/summary_groups -> 200 (5.9 ms)
2025-10-31 13:40:15,755 | INFO | honoua | GET /emissions/summary_groups -> 200 (4.6 ms)
2025-10-31 13:43:20,552 | INFO | honoua | GET /emissions/summary_groups -> 200 (4.9 ms)
2025-10-31 13:43:20,573 | INFO | honoua | GET /emissions/summary_groups -> 200 (5.2 ms)
2025-10-31 15:25:23,964 | INFO | honoua | GET /groups/compare -> 200 (145.2 ms)
2025-10-31 15:25:59,806 | INFO | honoua | GET /groups/compare -> 200 (6.3 ms)
2025-10-31 16:45:05,358 | INFO | honoua | GET / -> 404 (2.0 ms)
2025-10-31 16:45:11,988 | INFO | honoua | GET /loginMsg.js -> 404 (1.2 ms)
2025-10-31 16:45:12,000 | INFO | honoua | GET /cgi/get.cgi -> 404 (0.8 ms)
2025-10-31 16:58:44,217 | INFO | honoua | GET /groups/compare -> 200 (146.1 ms)
2025-10-31 17:58:34,396 | INFO | honoua | GET /groups/compare -> 200 (150.9 ms)
2025-10-31 20:17:12,014 | INFO | honoua | GET /groups/compare -> 200 (50.4 ms)
2025-10-31 20:24:50,863 | INFO | honoua | GET /groups/compare -> 200 (9.1 ms)
2025-10-31 20:24:50,959 | INFO | honoua | GET /groups/compare -> 200 (8.2 ms)
2025-11-01 13:22:29,100 | INFO | honoua | GET /health -> 200 (18.0 ms)
2025-11-01 14:31:56,065 | INFO | honoua | GET /health -> 200 (39.7 ms)
2025-11-01 16:48:24,352 | INFO | honoua | GET / -> 404 (1.0 ms)
2025-11-01 16:48:31,239 | INFO | honoua | GET /loginMsg.js -> 404 (1.2 ms)
2025-11-01 16:48:31,249 | INFO | honoua | GET /cgi/get.cgi -> 404 (1.0 ms)
2025-11-01 19:51:12,803 | INFO | honoua | GET /health -> 200 (55.5 ms)
2025-11-01 19:56:03,167 | INFO | honoua | GET /notifications/preferences -> 200 (204.5 ms)
2025-11-01 19:56:03,245 | INFO | honoua | PUT /notifications/preferences -> 200 (31.1 ms)
2025-11-01 21:09:18,324 | INFO | honoua | GET /health -> 200 (10.0 ms)
2025-11-01 21:09:18,327 | INFO | honoua | GET /health -> 200 (9.3 ms)
2025-11-01 21:09:18,514 | INFO | honoua | GET /notifications/preferences -> 200 (245.3 ms)
2025-11-01 21:09:18,529 | INFO | honoua | GET /notifications/preferences -> 200 (229.1 ms)
2025-11-01 21:09:18,530 | INFO | honoua | GET /notifications/preferences -> 200 (224.5 ms)
2025-11-01 21:09:18,532 | INFO | honoua | GET /notifications/preferences -> 200 (242.6 ms)
2025-11-01 21:09:18,540 | INFO | honoua | GET /notifications/preferences -> 200 (246.2 ms)
2025-11-01 21:14:10,847 | INFO | honoua | GET /health -> 200 (2.2 ms)
2025-11-09 15:53:57,764 | INFO | honoua | GET /notifications/preferences -> 200 (242.6 ms)
2025-11-09 15:53:57,845 | INFO | honoua | PUT /notifications/preferences -> 200 (43.8 ms)
2025-11-09 15:53:57,891 | INFO | honoua | GET /notifications/preferences -> 200 (13.1 ms)
2025-11-09 16:06:50,271 | INFO | honoua | GET /notifications/preferences -> 200 (93.0 ms)
2025-11-09 16:06:50,324 | INFO | honoua | PUT /notifications/preferences -> 200 (31.2 ms)
2025-11-09 16:06:50,349 | INFO | honoua | PUT /notifications/preferences -> 200 (10.8 ms)
2025-11-09 16:15:43,987 | INFO | honoua | GET /notifications/preferences -> 200 (173.9 ms)
2025-11-09 16:15:44,257 | INFO | honoua | PUT /notifications/preferences -> 200 (93.9 ms)
2025-11-09 16:15:44,322 | INFO | honoua | PUT /notifications/preferences -> 200 (21.7 ms)
2025-11-09 16:33:38,644 | INFO | honoua | GET /notifications/preferences -> 200 (4.0 ms)
2025-11-09 16:38:30,572 | INFO | honoua | GET /notifications/preferences -> 200 (103.3 ms)
2025-11-09 16:38:30,635 | INFO | honoua | PUT /notifications/preferences -> 200 (25.7 ms)
2025-11-09 16:38:30,724 | INFO | honoua | PUT /notifications/preferences -> 200 (56.4 ms)
2025-11-09 16:38:30,763 | INFO | honoua | GET /notifications/preferences -> 200 (5.4 ms)
2025-11-09 16:43:36,605 | INFO | honoua | GET /notifications/preferences -> 200 (15.9 ms)
2025-11-09 16:43:36,700 | INFO | honoua | PUT /notifications/preferences -> 200 (58.8 ms)
2025-11-09 16:43:37,266 | INFO | honoua | [A41:test] Notify user=8c23d53e-bd69-4df8-84b1-34a26ed99f8d title='A41 OK' body='Notification de test' type='summary'
2025-11-09 16:43:37,279 | INFO | honoua | POST /notifications/test -> 200 (60.9 ms)
